BESeqA.c:36: warning: ‘liststart’ defined but not used
BESeqA.c:37: warning: ‘listend’ defined but not used
BESeqA.c:39: warning: ‘pcurr’ defined but not used
BESeqA.c:40: warning: ‘pprev’ defined but not used
BESeqA.c:41: warning: ‘pnew’ defined but not used
BESeqA.c:43: warning: ‘numels’ defined but not used
BESeqA.c:66: warning: ‘get_value’ defined but not used
BESeqA.c:67: warning: ‘get_next’ defined but not used
BESeqA.c:68: warning: ‘get_prev’ defined but not used
BESeqA.c:70: warning: ‘set_value’ defined but not used
BESeqA.c:71: warning: ‘set_next’ defined but not used
BESeqA.c:72: warning: ‘set_prev’ defined but not used
BESeqA.c:78: warning: ‘create_e’ defined but not used
BESeqP.c:37: warning: ‘liststart’ defined but not used
BESeqP.c:38: warning: ‘listend’ defined but not used
BESeqP.c:40: warning: ‘pcurr’ defined but not used
BESeqP.c:41: warning: ‘pprev’ defined but not used
BESeqP.c:42: warning: ‘pnew’ defined but not used
BESeqP.c:44: warning: ‘numels’ defined but not used
BESeqP.c:67: warning: ‘get_value’ defined but not used
BESeqP.c:68: warning: ‘get_next’ defined but not used
BESeqP.c:69: warning: ‘get_prev’ defined but not used
BESeqP.c:71: warning: ‘set_value’ defined but not used
BESeqP.c:72: warning: ‘set_next’ defined but not used
BESeqP.c:73: warning: ‘set_prev’ defined but not used
BESeqP.c:79: warning: ‘create_e’ defined but not used
BESeqR.c:37: warning: ‘C’ defined but not used
BESeqR.c:58: warning: ‘get_value’ defined but not used
BESeqR.c:59: warning: ‘get_tail’ defined but not used
BESeqR.c:61: warning: ‘set_value’ defined but not used
BESeqR.c:62: warning: ‘set_tail’ defined but not used
BESeqR.c:68: warning: ‘create_e’ defined but not used
BESeqR.c:83: warning: ‘print_el’ defined but not used
BESeqR.c:84: warning: ‘print_eol’ defined but not used
BESeqR.c:103: warning: ‘head’ defined but not used
BESeqR.c:104: warning: ‘tail’ defined but not used
BESeqR.c:110: warning: ‘cons’ defined but not used
BESeqA.c:36: warning: ‘liststart’ defined but not used
BESeqA.c:37: warning: ‘listend’ defined but not used
BESeqA.c:39: warning: ‘pcurr’ defined but not used
BESeqA.c:40: warning: ‘pprev’ defined but not used
BESeqA.c:41: warning: ‘pnew’ defined but not used
BESeqA.c:43: warning: ‘numels’ defined but not used
BESeqA.c:66: warning: ‘get_value’ defined but not used
BESeqA.c:67: warning: ‘get_next’ defined but not used
BESeqA.c:68: warning: ‘get_prev’ defined but not used
BESeqA.c:70: warning: ‘set_value’ defined but not used
BESeqA.c:71: warning: ‘set_next’ defined but not used
BESeqA.c:72: warning: ‘set_prev’ defined but not used
BESeqA.c:78: warning: ‘create_e’ defined but not used
BESeqP.c:37: warning: ‘liststart’ defined but not used
BESeqP.c:38: warning: ‘listend’ defined but not used
BESeqP.c:40: warning: ‘pcurr’ defined but not used
BESeqP.c:41: warning: ‘pprev’ defined but not used
BESeqP.c:42: warning: ‘pnew’ defined but not used
BESeqP.c:44: warning: ‘numels’ defined but not used
BESeqP.c:67: warning: ‘get_value’ defined but not used
BESeqP.c:68: warning: ‘get_next’ defined but not used
BESeqP.c:69: warning: ‘get_prev’ defined but not used
BESeqP.c:71: warning: ‘set_value’ defined but not used
BESeqP.c:72: warning: ‘set_next’ defined but not used
BESeqP.c:73: warning: ‘set_prev’ defined but not used
BESeqP.c:79: warning: ‘create_e’ defined but not used
BESeqR.c:37: warning: ‘C’ defined but not used
BESeqR.c:58: warning: ‘get_value’ defined but not used
BESeqR.c:59: warning: ‘get_tail’ defined but not used
BESeqR.c:61: warning: ‘set_value’ defined but not used
BESeqR.c:62: warning: ‘set_tail’ defined but not used
BESeqR.c:68: warning: ‘create_e’ defined but not used
BESeqR.c:83: warning: ‘print_el’ defined but not used
BESeqR.c:84: warning: ‘print_eol’ defined but not used
BESeqR.c:103: warning: ‘head’ defined but not used
BESeqR.c:104: warning: ‘tail’ defined but not used
BESeqR.c:110: warning: ‘cons’ defined but not used
