
 *** Start of Sequence program 
***************************************************************
***                                                         ***
***   h:   display this menu                                ***
***   m:   display current mode (sorted/pos/stack/queue)    ***
***   p:   display the READ_ME text (program documentation) ***
***                                                         ***
***   v:   sequence is sorted                               ***
***   w:   sequence is by position                          ***
***   x:   sequence is a stack                              ***
***   y:   sequence is a queue                              ***
***                                                         ***
***   d:   display the sequence                             ***
***   a:   add a value to the sequence                      ***
***   f:   find a value in the sequence                     ***
***   r:   remove a value from the sequence                 ***
***                                                         ***
***   i:   display the first element in the sequence        ***
***   n:   display the next  element in the sequence        ***
***   e:   is there a valid  element in the sequence?       ***
***                                                         ***
***   q:   quit the program                                 ***
***                                                         ***
***************************************************************


 Enter choice => 
 Enter choice =>  m 
 SORTED mode 
 Enter choice =>  a 
 Enter a value:  5
 Enter choice =>  d 
 SEQUENCE (size 1) is:  -5-  EOL 
 Enter choice =>  a 
 Enter a value:  1
 Enter choice =>  d 
 SEQUENCE (size 2) is:  -1-  -5-  EOL 
 Enter choice =>  a 
 Enter a value:  3
 Enter choice =>  d 
 SEQUENCE (size 3) is:  -1-  -3-  -5-  EOL 
 Enter choice =>  a 
 Enter a value:  7
 Enter choice =>  d 
 SEQUENCE (size 4) is:  -1-  -3-  -5-  -7-  EOL 
 Enter choice =>  i 
 -1- 
 Enter choice =>  e 
 element exists
 Enter choice =>  n 
 -3- 
 Enter choice =>  e 
 element exists
 Enter choice =>  n 
 -5- 
 Enter choice =>  e 
 element exists
 Enter choice =>  n 
 -7- 
 Enter choice =>  e 
 element exists
 Enter choice =>  n 
 EOL 
 Enter choice =>  e 
 element does not exist
 Enter choice =>  n 
 EOL 
 Enter choice =>  e 
 element does not exist
 Enter choice =>  r 
 Enter a value:  2
 Enter choice =>  r 
 Enter a value:  3
 Enter choice =>  d 
 SEQUENCE (size 3) is:  -1-  -5-  -7-  EOL 
 Enter choice =>  f 
 Enter a value:  2 *** 2 not found ***
 Enter choice =>  f 
 Enter a value:  3 *** 3 not found ***
 Enter choice =>  f 
 Enter a value:  7 *** 7 found ***
 Enter choice =>  d 
 SEQUENCE (size 3) is:  -1-  -5-  -7-  EOL 
 Enter choice =>  w 

 Enter choice =>  m 
 POSITION mode 
 Enter choice =>  a 

 Enter a position (1..4):  1 Enter a value:  11
 Enter choice =>  d 
 SEQUENCE (size 4) is:  -11-  -1-  -5-  -7-  EOL 
 Enter choice =>  a 

 Enter a position (1..5):  1 Enter a value:  12
 Enter choice =>  d 
 SEQUENCE (size 5) is:  -12-  -11-  -1-  -5-  -7-  EOL 
 Enter choice =>  a 

 Enter a position (1..6):  11 Enter a value:  111
 Error: invalid position
 Enter choice =>  d 
 SEQUENCE (size 5) is:  -12-  -11-  -1-  -5-  -7-  EOL 
 Enter choice =>  a 

 Enter a position (1..6):  12 Enter a value:  222
 Error: invalid position
 Enter choice =>  d 
 SEQUENCE (size 5) is:  -12-  -11-  -1-  -5-  -7-  EOL 
 Enter choice =>  r 

 Enter a position (1..5):  6
 Error: invalid position
 Enter choice =>  d 
 SEQUENCE (size 5) is:  -12-  -11-  -1-  -5-  -7-  EOL 
 Enter choice =>  r 

 Enter a position (1..5):  5
 Enter choice =>  d 
 SEQUENCE (size 4) is:  -12-  -11-  -1-  -5-  EOL 
 Enter choice =>  r 

 Enter a position (1..4):  4
 Enter choice =>  d 
 SEQUENCE (size 3) is:  -12-  -11-  -1-  EOL 
 Enter choice =>  w 

 Enter choice =>  m 
 POSITION mode 
 Enter choice =>  h 

***************************************************************
***                                                         ***
***   h:   display this menu                                ***
***   m:   display current mode (sorted/pos/stack/queue)    ***
***   p:   display the READ_ME text (program documentation) ***
***                                                         ***
***   v:   sequence is sorted                               ***
***   w:   sequence is by position                          ***
***   x:   sequence is a stack                              ***
***   y:   sequence is a queue                              ***
***                                                         ***
***   d:   display the sequence                             ***
***   a:   add a value to the sequence                      ***
***   f:   find a value in the sequence                     ***
***   r:   remove a value from the sequence                 ***
***                                                         ***
***   i:   display the first element in the sequence        ***
***   n:   display the next  element in the sequence        ***
***   e:   is there a valid  element in the sequence?       ***
***                                                         ***
***   q:   quit the program                                 ***
***                                                         ***
***************************************************************


 Enter choice =>  r 

 Enter a position (1..3):  4
 Error: invalid position
 Enter choice =>  d 
 SEQUENCE (size 3) is:  -12-  -11-  -1-  EOL 
 Enter choice =>  r 

 Enter a position (1..3):  0
 Error: invalid position
 Enter choice =>  d 
 SEQUENCE (size 3) is:  -12-  -11-  -1-  EOL 
 Enter choice =>  x 

 Enter choice =>  m 
 STACK mode 
 Enter choice =>  h 

***************************************************************
***                                                         ***
***   h:   display this menu                                ***
***   m:   display current mode (sorted/pos/stack/queue)    ***
***   p:   display the READ_ME text (program documentation) ***
***                                                         ***
***   v:   sequence is sorted                               ***
***   w:   sequence is by position                          ***
***   x:   sequence is a stack                              ***
***   y:   sequence is a queue                              ***
***                                                         ***
***   d:   display the stack                                ***
***   a:   add a value to the stack (push)                  ***
***   f:   find a value in the stack                        ***
***   r:   remove a value from the stack (pop)              ***
***                                                         ***
***   q:   quit the program                                 ***
***                                                         ***
***************************************************************


 Enter choice =>  a 
 Enter a value:  44
 Enter choice =>  a 
 Enter a value:  55
 Enter choice =>  d 
 SEQUENCE (size 5) is:  -55-  -44-  -12-  -11-  -1-  EOL 
 Enter choice =>  r 

 Enter choice =>  d 
 SEQUENCE (size 4) is:  -44-  -12-  -11-  -1-  EOL 
 Enter choice =>  y 

 Enter choice =>  m 
 QUEUE mode 
 Enter choice =>  h 

***************************************************************
***                                                         ***
***   h:   display this menu                                ***
***   m:   display current mode (sorted/pos/stack/queue)    ***
***   p:   display the READ_ME text (program documentation) ***
***                                                         ***
***   v:   sequence is sorted                               ***
***   w:   sequence is by position                          ***
***   x:   sequence is a stack                              ***
***   y:   sequence is a queue                              ***
***                                                         ***
***   d:   display the queue                                ***
***   a:   add a value to the queue (enqueue)               ***
***   f:   find a value in the queue                        ***
***   r:   remove a value from the queue (dequeue)          ***
***                                                         ***
***   q:   quit the program                                 ***
***                                                         ***
***************************************************************


 Enter choice =>  a 
 Enter a value:  99
 Enter choice =>  d 
 SEQUENCE (size 5) is:  -44-  -12-  -11-  -1-  -99-  EOL 
 Enter choice =>  r 

 Enter choice =>  d 
 SEQUENCE (size 4) is:  -12-  -11-  -1-  -99-  EOL 
 Enter choice =>  q 
 *** BYE BYE! ***
 *** End of Sequence program 
