
 *** Start of Sequence program 
***************************************************************
***                                                         ***
***   h:   display this menu                                ***
***   m:   display current mode (sorted/pos/stack/queue)    ***
***   p:   display the READ_ME text (program documentation) ***
***                                                         ***
***   v:   sequence is sorted                               ***
***   w:   sequence is by position                          ***
***   x:   sequence is a stack                              ***
***   y:   sequence is a queue                              ***
***                                                         ***
***   d:   display the sequence                             ***
***   a:   add a value to the sequence                      ***
***   f:   find a value in the sequence                     ***
***   r:   remove a value from the sequence                 ***
***                                                         ***
***   i:   display the first element in the sequence        ***
***   n:   display the next  element in the sequence        ***
***   e:   is there a valid  element in the sequence?       ***
***                                                         ***
***   q:   quit the program                                 ***
***                                                         ***
***************************************************************


 Enter choice => 
 Enter choice =>  m 
 SORTED mode 
 Enter choice =>  a 
 Enter a value:  5
 Enter choice =>  d 
 SEQUENCE (size 1) is:  -5-  EOL 
 Enter choice =>  a 
 Enter a value:  1
 Enter choice =>  d 
 SEQUENCE (size 2) is:  -1-  -5-  EOL 
 Enter choice =>  a 
 Enter a value:  3
 Enter choice =>  d 
 SEQUENCE (size 3) is:  -1-  -3-  -5-  EOL 
 Enter choice =>  a 
 Enter a value:  7
 Enter choice =>  d 
 SEQUENCE (size 4) is:  -1-  -3-  -5-  -7-  EOL 
 Enter choice =>  i 
1

 Enter choice =>  e 
 element exists
 Enter choice => 