
 *** Start of Graph program 
***************************************************************
***                                                         ***
***   h:   display this menu                                ***
***   p:   display the READ_ME text (program documentation) ***
***   u:   set the mode to undirected graph                 ***
***   i:   set the mode to   directed graph                 ***
***   k:   display the mode (directed / undirected)         ***
***                                                         ***
***   d:   display the graph                                ***
***   m:   display the matrix                               ***
***                                                         ***
***   a:   add a  node to the graph                         ***
***   b:   add an edge to the graph                         ***
***   r:   remove a  node from the graph                    ***
***   s:   remove an edge from the graph                    ***
***                                                         ***
***   n:   find a  node in the graph                        ***
***   e:   find an edge in the graph                        ***
***                                                         ***
***   t:   Dijkstra + SPT                                   ***
***   v:   Floyd                                            ***
***   w:   Warshall                                         ***
***   x:   Prim                                             ***
***   y:   Kruskal                                          ***
***                                                         ***
***   q:   quit the program                                 ***
***                                                         ***
***************************************************************


 Enter choice => 
 Enter choice =>  a 
 enter name:  a
 Enter choice =>  a 
 enter name:  b
 Enter choice =>  a 
 enter name:  c
 Enter choice =>  b 
 enter node 1:    a enter node 2:    b enter a weight:  1
 *** ERROR a not in Graph
 *** ERROR b not in Graph
 Enter choice =>  b 
 enter node 1:    a enter node 2:    c enter a weight:  2
 *** ERROR a not in Graph
 *** ERROR c not in Graph
 Enter choice =>  b 
 enter node 1:    b enter node 2:    a enter a weight:  3
 *** ERROR b not in Graph
 *** ERROR a not in Graph
 Enter choice =>  b 
 enter node 1:    b enter node 2:    c enter a weight:  4
 *** ERROR b not in Graph
 *** ERROR c not in Graph
 Enter choice =>  b 
 enter node 1:    c enter node 2:    a enter a weight:  5
 *** ERROR c not in Graph
 *** ERROR a not in Graph
 Enter choice =>  b 
 enter node 1:    c enter node 2:    b enter a weight:  6
 *** ERROR c not in Graph
 *** ERROR b not in Graph
 Enter choice =>  d 

 GRAPH  (0 nodes) is: 

 Enter choice =>  m 

 MATRIX (0 nodes) is: 

 Enter choice =>  q 
 *** BYE BYE! ***
 *** End of Graph program 
