begraph.c:41: warning: ‘adjmat’ defined but not used
begraph.c:42: warning: ‘nnodes’ defined but not used
begraph.c:70: warning: ‘get_nname’ defined but not used
begraph.c:71: warning: ‘get_ninfo’ defined but not used
begraph.c:73: warning: ‘get_nodes’ defined but not used
begraph.c:75: warning: ‘set_nname’ defined but not used
begraph.c:76: warning: ‘set_ninfo’ defined but not used
begraph.c:78: warning: ‘set_nodes’ defined but not used
begraph.c:84: warning: ‘create_n’ defined but not used
begraph.c:113: warning: ‘nhead’ defined but not used
begraph.c:114: warning: ‘ntail’ defined but not used
begraph.c:116: warning: ‘ehead’ defined but not used
begraph.c:117: warning: ‘etail’ defined but not used
begraph.c:123: warning: ‘ncons’ defined but not used
begraph.c:124: warning: ‘econs’ defined but not used
begraph.c:130: warning: ‘b_edisp’ defined but not used
begraph.c:202: warning: ‘get_pos’ defined but not used
begraph.c:219: warning: ‘cre_adjmat’ defined but not used
begraph.c:41: warning: ‘adjmat’ defined but not used
begraph.c:42: warning: ‘nnodes’ defined but not used
begraph.c:70: warning: ‘get_nname’ defined but not used
begraph.c:71: warning: ‘get_ninfo’ defined but not used
begraph.c:73: warning: ‘get_nodes’ defined but not used
begraph.c:75: warning: ‘set_nname’ defined but not used
begraph.c:76: warning: ‘set_ninfo’ defined but not used
begraph.c:78: warning: ‘set_nodes’ defined but not used
begraph.c:84: warning: ‘create_n’ defined but not used
begraph.c:113: warning: ‘nhead’ defined but not used
begraph.c:114: warning: ‘ntail’ defined but not used
begraph.c:116: warning: ‘ehead’ defined but not used
begraph.c:117: warning: ‘etail’ defined but not used
begraph.c:123: warning: ‘ncons’ defined but not used
begraph.c:124: warning: ‘econs’ defined but not used
begraph.c:130: warning: ‘b_edisp’ defined but not used
begraph.c:202: warning: ‘get_pos’ defined but not used
begraph.c:219: warning: ‘cre_adjmat’ defined but not used
