
 *** Start of Performance program 
***************************************************************
***   a:   create and fill array
***   o:   fill BST
***   x:   Search in Binary Search Tree
***
***   0:   quit the program
***
***************************************************************


 Enter choice => Set array size.
1. 1024	2. 2048.	3. 4096	4. 8192	5. 16384

 Enter choice => Array created with 1024 positions 
Fill array.
1. Random	2. Ascending.	3. Descending

 Enter choice => Random sequence generated

***************************************************************
***   a:   create and fill array
***   b:   bubble sort
***   c:   insertion sort
***   d:   quick sort
***
***   h:   display this menu
***   p:   display the first ten elements of array
***
***   v:   sequence search mode is Linear 
***   w:   sequence search mode is Binear Search
***
***
***   o:   fill BST
***   x:   Search in Binary Search Tree
***
***   0:   quit the program
***
***************************************************************


 Enter choice => Bubble sort finished!
Time taken: 6031.000000
***************************************************************
***   a:   create and fill array
***   b:   bubble sort
***   c:   insertion sort
***   d:   quick sort
***
***   h:   display this menu
***   p:   display the first ten elements of array
***
***   v:   sequence search mode is Linear 
***   w:   sequence search mode is Binear Search
***
***
***   o:   fill BST
***   x:   Search in Binary Search Tree
***
***   0:   quit the program
***
***************************************************************


 Enter choice => Set array size.
1. 1024	2. 2048.	3. 4096	4. 8192	5. 16384

 Enter choice => Array created with 2048 positions 
Fill array.
1. Random	2. Ascending.	3. Descending

 Enter choice => Random sequence generated

***************************************************************
***   a:   create and fill array
***   b:   bubble sort
***   c:   insertion sort
***   d:   quick sort
***
***   h:   display this menu
***   p:   display the first ten elements of array
***
***   v:   sequence search mode is Linear 
***   w:   sequence search mode is Binear Search
***
***
***   o:   fill BST
***   x:   Search in Binary Search Tree
***
***   0:   quit the program
***
***************************************************************


 Enter choice => Bubble sort finished!
Time taken: 24090.000000
***************************************************************
***   a:   create and fill array
***   b:   bubble sort
***   c:   insertion sort
***   d:   quick sort
***
***   h:   display this menu
***   p:   display the first ten elements of array
***
***   v:   sequence search mode is Linear 
***   w:   sequence search mode is Binear Search
***
***
***   o:   fill BST
***   x:   Search in Binary Search Tree
***
***   0:   quit the program
***
***************************************************************


 Enter choice => Set array size.
1. 1024	2. 2048.	3. 4096	4. 8192	5. 16384

 Enter choice => Array created with 4096 positions 
Fill array.
1. Random	2. Ascending.	3. Descending

 Enter choice => Random sequence generated

***************************************************************
***   a:   create and fill array
***   b:   bubble sort
***   c:   insertion sort
***   d:   quick sort
***
***   h:   display this menu
***   p:   display the first ten elements of array
***
***   v:   sequence search mode is Linear 
***   w:   sequence search mode is Binear Search
***
***
***   o:   fill BST
***   x:   Search in Binary Search Tree
***
***   0:   quit the program
***
***************************************************************


 Enter choice => Bubble sort finished!
Time taken: 97799.000000
***************************************************************
***   a:   create and fill array
***   b:   bubble sort
***   c:   insertion sort
***   d:   quick sort
***
***   h:   display this menu
***   p:   display the first ten elements of array
***
***   v:   sequence search mode is Linear 
***   w:   sequence search mode is Binear Search
***
***
***   o:   fill BST
***   x:   Search in Binary Search Tree
***
***   0:   quit the program
***
***************************************************************


 Enter choice => Set array size.
1. 1024	2. 2048.	3. 4096	4. 8192	5. 16384

 Enter choice => Array created with 8192 positions 
Fill array.
1. Random	2. Ascending.	3. Descending

 Enter choice => Random sequence generated

***************************************************************
***   a:   create and fill array
***   b:   bubble sort
***   c:   insertion sort
***   d:   quick sort
***
***   h:   display this menu
***   p:   display the first ten elements of array
***
***   v:   sequence search mode is Linear 
***   w:   sequence search mode is Binear Search
***
***
***   o:   fill BST
***   x:   Search in Binary Search Tree
***
***   0:   quit the program
***
***************************************************************


 Enter choice => Bubble sort finished!
Time taken: 391263.000000
***************************************************************
***   a:   create and fill array
***   b:   bubble sort
***   c:   insertion sort
***   d:   quick sort
***
***   h:   display this menu
***   p:   display the first ten elements of array
***
***   v:   sequence search mode is Linear 
***   w:   sequence search mode is Binear Search
***
***
***   o:   fill BST
***   x:   Search in Binary Search Tree
***
***   0:   quit the program
***
***************************************************************


 Enter choice => Set array size.
1. 1024	2. 2048.	3. 4096	4. 8192	5. 16384

 Enter choice => Array created with 16384 positions 
Fill array.
1. Random	2. Ascending.	3. Descending

 Enter choice => Random sequence generated

***************************************************************
***   a:   create and fill array
***   b:   bubble sort
***   c:   insertion sort
***   d:   quick sort
***
***   h:   display this menu
***   p:   display the first ten elements of array
***
***   v:   sequence search mode is Linear 
***   w:   sequence search mode is Binear Search
***
***
***   o:   fill BST
***   x:   Search in Binary Search Tree
***
***   0:   quit the program
***
***************************************************************


 Enter choice => Bubble sort finished!
Time taken: 1579367.000000
***************************************************************
***   a:   create and fill array
***   b:   bubble sort
***   c:   insertion sort
***   d:   quick sort
***
***   h:   display this menu
***   p:   display the first ten elements of array
***
***   v:   sequence search mode is Linear 
***   w:   sequence search mode is Binear Search
***
***
***   o:   fill BST
***   x:   Search in Binary Search Tree
***
***   0:   quit the program
***
***************************************************************


 Enter choice => Set array size.
1. 1024	2. 2048.	3. 4096	4. 8192	5. 16384

 Enter choice => Array created with 1024 positions 
Fill array.
1. Random	2. Ascending.	3. Descending

 Enter choice => Random sequence generated

***************************************************************
***   a:   create and fill array
***   b:   bubble sort
***   c:   insertion sort
***   d:   quick sort
***
***   h:   display this menu
***   p:   display the first ten elements of array
***
***   v:   sequence search mode is Linear 
***   w:   sequence search mode is Binear Search
***
***
***   o:   fill BST
***   x:   Search in Binary Search Tree
***
***   0:   quit the program
***
***************************************************************


 Enter choice => Insertion sort finished!
Time taken: 2036.000000
***************************************************************
***   a:   create and fill array
***   b:   bubble sort
***   c:   insertion sort
***   d:   quick sort
***
***   h:   display this menu
***   p:   display the first ten elements of array
***
***   v:   sequence search mode is Linear 
***   w:   sequence search mode is Binear Search
***
***
***   o:   fill BST
***   x:   Search in Binary Search Tree
***
***   0:   quit the program
***
***************************************************************


 Enter choice => Set array size.
1. 1024	2. 2048.	3. 4096	4. 8192	5. 16384

 Enter choice => Array created with 2048 positions 
Fill array.
1. Random	2. Ascending.	3. Descending

 Enter choice => Random sequence generated

***************************************************************
***   a:   create and fill array
***   b:   bubble sort
***   c:   insertion sort
***   d:   quick sort
***
***   h:   display this menu
***   p:   display the first ten elements of array
***
***   v:   sequence search mode is Linear 
***   w:   sequence search mode is Binear Search
***
***
***   o:   fill BST
***   x:   Search in Binary Search Tree
***
***   0:   quit the program
***
***************************************************************


 Enter choice => Insertion sort finished!
Time taken: 8170.000000
***************************************************************
***   a:   create and fill array
***   b:   bubble sort
***   c:   insertion sort
***   d:   quick sort
***
***   h:   display this menu
***   p:   display the first ten elements of array
***
***   v:   sequence search mode is Linear 
***   w:   sequence search mode is Binear Search
***
***
***   o:   fill BST
***   x:   Search in Binary Search Tree
***
***   0:   quit the program
***
***************************************************************


 Enter choice => Set array size.
1. 1024	2. 2048.	3. 4096	4. 8192	5. 16384

 Enter choice => Array created with 4096 positions 
Fill array.
1. Random	2. Ascending.	3. Descending

 Enter choice => Random sequence generated

***************************************************************
***   a:   create and fill array
***   b:   bubble sort
***   c:   insertion sort
***   d:   quick sort
***
***   h:   display this menu
***   p:   display the first ten elements of array
***
***   v:   sequence search mode is Linear 
***   w:   sequence search mode is Binear Search
***
***
***   o:   fill BST
***   x:   Search in Binary Search Tree
***
***   0:   quit the program
***
***************************************************************


 Enter choice => Insertion sort finished!
Time taken: 32337.000000
***************************************************************
***   a:   create and fill array
***   b:   bubble sort
***   c:   insertion sort
***   d:   quick sort
***
***   h:   display this menu
***   p:   display the first ten elements of array
***
***   v:   sequence search mode is Linear 
***   w:   sequence search mode is Binear Search
***
***
***   o:   fill BST
***   x:   Search in Binary Search Tree
***
***   0:   quit the program
***
***************************************************************


 Enter choice => Set array size.
1. 1024	2. 2048.	3. 4096	4. 8192	5. 16384

 Enter choice => Array created with 8192 positions 
Fill array.
1. Random	2. Ascending.	3. Descending

 Enter choice => Random sequence generated

***************************************************************
***   a:   create and fill array
***   b:   bubble sort
***   c:   insertion sort
***   d:   quick sort
***
***   h:   display this menu
***   p:   display the first ten elements of array
***
***   v:   sequence search mode is Linear 
***   w:   sequence search mode is Binear Search
***
***
***   o:   fill BST
***   x:   Search in Binary Search Tree
***
***   0:   quit the program
***
***************************************************************


 Enter choice => Insertion sort finished!
Time taken: 127863.000000
***************************************************************
***   a:   create and fill array
***   b:   bubble sort
***   c:   insertion sort
***   d:   quick sort
***
***   h:   display this menu
***   p:   display the first ten elements of array
***
***   v:   sequence search mode is Linear 
***   w:   sequence search mode is Binear Search
***
***
***   o:   fill BST
***   x:   Search in Binary Search Tree
***
***   0:   quit the program
***
***************************************************************


 Enter choice => Set array size.
1. 1024	2. 2048.	3. 4096	4. 8192	5. 16384

 Enter choice => Array created with 16384 positions 
Fill array.
1. Random	2. Ascending.	3. Descending

 Enter choice => Random sequence generated

***************************************************************
***   a:   create and fill array
***   b:   bubble sort
***   c:   insertion sort
***   d:   quick sort
***
***   h:   display this menu
***   p:   display the first ten elements of array
***
***   v:   sequence search mode is Linear 
***   w:   sequence search mode is Binear Search
***
***
***   o:   fill BST
***   x:   Search in Binary Search Tree
***
***   0:   quit the program
***
***************************************************************


 Enter choice => Insertion sort finished!
Time taken: 515327.000000
***************************************************************
***   a:   create and fill array
***   b:   bubble sort
***   c:   insertion sort
***   d:   quick sort
***
***   h:   display this menu
***   p:   display the first ten elements of array
***
***   v:   sequence search mode is Linear 
***   w:   sequence search mode is Binear Search
***
***
***   o:   fill BST
***   x:   Search in Binary Search Tree
***
***   0:   quit the program
***
***************************************************************


 Enter choice => Set array size.
1. 1024	2. 2048.	3. 4096	4. 8192	5. 16384

 Enter choice => Array created with 1024 positions 
Fill array.
1. Random	2. Ascending.	3. Descending

 Enter choice => Random sequence generated

***************************************************************
***   a:   create and fill array
***   b:   bubble sort
***   c:   insertion sort
***   d:   quick sort
***
***   h:   display this menu
***   p:   display the first ten elements of array
***
***   v:   sequence search mode is Linear 
***   w:   sequence search mode is Binear Search
***
***
***   o:   fill BST
***   x:   Search in Binary Search Tree
***
***   0:   quit the program
***
***************************************************************


 Enter choice => QuickSort finished!
Time taken: 145.000000
***************************************************************
***   a:   create and fill array
***   b:   bubble sort
***   c:   insertion sort
***   d:   quick sort
***
***   h:   display this menu
***   p:   display the first ten elements of array
***
***   v:   sequence search mode is Linear 
***   w:   sequence search mode is Binear Search
***
***
***   o:   fill BST
***   x:   Search in Binary Search Tree
***
***   0:   quit the program
***
***************************************************************


 Enter choice => Set array size.
1. 1024	2. 2048.	3. 4096	4. 8192	5. 16384

 Enter choice => Array created with 2048 positions 
Fill array.
1. Random	2. Ascending.	3. Descending

 Enter choice => Random sequence generated

***************************************************************
***   a:   create and fill array
***   b:   bubble sort
***   c:   insertion sort
***   d:   quick sort
***
***   h:   display this menu
***   p:   display the first ten elements of array
***
***   v:   sequence search mode is Linear 
***   w:   sequence search mode is Binear Search
***
***
***   o:   fill BST
***   x:   Search in Binary Search Tree
***
***   0:   quit the program
***
***************************************************************


 Enter choice => QuickSort finished!
Time taken: 310.000000
***************************************************************
***   a:   create and fill array
***   b:   bubble sort
***   c:   insertion sort
***   d:   quick sort
***
***   h:   display this menu
***   p:   display the first ten elements of array
***
***   v:   sequence search mode is Linear 
***   w:   sequence search mode is Binear Search
***
***
***   o:   fill BST
***   x:   Search in Binary Search Tree
***
***   0:   quit the program
***
***************************************************************


 Enter choice => Set array size.
1. 1024	2. 2048.	3. 4096	4. 8192	5. 16384

 Enter choice => Array created with 4096 positions 
Fill array.
1. Random	2. Ascending.	3. Descending

 Enter choice => Random sequence generated

***************************************************************
***   a:   create and fill array
***   b:   bubble sort
***   c:   insertion sort
***   d:   quick sort
***
***   h:   display this menu
***   p:   display the first ten elements of array
***
***   v:   sequence search mode is Linear 
***   w:   sequence search mode is Binear Search
***
***
***   o:   fill BST
***   x:   Search in Binary Search Tree
***
***   0:   quit the program
***
***************************************************************


 Enter choice => QuickSort finished!
Time taken: 673.000000
***************************************************************
***   a:   create and fill array
***   b:   bubble sort
***   c:   insertion sort
***   d:   quick sort
***
***   h:   display this menu
***   p:   display the first ten elements of array
***
***   v:   sequence search mode is Linear 
***   w:   sequence search mode is Binear Search
***
***
***   o:   fill BST
***   x:   Search in Binary Search Tree
***
***   0:   quit the program
***
***************************************************************


 Enter choice => Set array size.
1. 1024	2. 2048.	3. 4096	4. 8192	5. 16384

 Enter choice => Array created with 8192 positions 
Fill array.
1. Random	2. Ascending.	3. Descending

 Enter choice => Random sequence generated

***************************************************************
***   a:   create and fill array
***   b:   bubble sort
***   c:   insertion sort
***   d:   quick sort
***
***   h:   display this menu
***   p:   display the first ten elements of array
***
***   v:   sequence search mode is Linear 
***   w:   sequence search mode is Binear Search
***
***
***   o:   fill BST
***   x:   Search in Binary Search Tree
***
***   0:   quit the program
***
***************************************************************


 Enter choice => QuickSort finished!
Time taken: 1409.000000
***************************************************************
***   a:   create and fill array
***   b:   bubble sort
***   c:   insertion sort
***   d:   quick sort
***
***   h:   display this menu
***   p:   display the first ten elements of array
***
***   v:   sequence search mode is Linear 
***   w:   sequence search mode is Binear Search
***
***
***   o:   fill BST
***   x:   Search in Binary Search Tree
***
***   0:   quit the program
***
***************************************************************


 Enter choice => Set array size.
1. 1024	2. 2048.	3. 4096	4. 8192	5. 16384

 Enter choice => Array created with 16384 positions 
Fill array.
1. Random	2. Ascending.	3. Descending

 Enter choice => Random sequence generated

***************************************************************
***   a:   create and fill array
***   b:   bubble sort
***   c:   insertion sort
***   d:   quick sort
***
***   h:   display this menu
***   p:   display the first ten elements of array
***
***   v:   sequence search mode is Linear 
***   w:   sequence search mode is Binear Search
***
***
***   o:   fill BST
***   x:   Search in Binary Search Tree
***
***   0:   quit the program
***
***************************************************************


 Enter choice => QuickSort finished!
Time taken: 3094.000000
***************************************************************
***   a:   create and fill array
***   b:   bubble sort
***   c:   insertion sort
***   d:   quick sort
***
***   h:   display this menu
***   p:   display the first ten elements of array
***
***   v:   sequence search mode is Linear 
***   w:   sequence search mode is Binear Search
***
***
***   o:   fill BST
***   x:   Search in Binary Search Tree
***
***   0:   quit the program
***
***************************************************************


 Enter choice => Set array size.
1. 1024	2. 2048.	3. 4096	4. 8192	5. 16384

 Enter choice => Array created with 16384 positions 
Fill array.
1. Random	2. Ascending.	3. Descending

 Enter choice => sorted: 1
Ascending sequence generated

***************************************************************
***   a:   create and fill array
***   b:   bubble sort
***   c:   insertion sort
***   d:   quick sort
***
***   h:   display this menu
***   p:   display the first ten elements of array
***
***   v:   sequence search mode is Linear 
***   w:   sequence search mode is Binear Search
***
***
***   o:   fill BST
***   x:   Search in Binary Search Tree
***
***   0:   quit the program
***
***************************************************************


 Enter choice => Enter value to find: Value 1024 found Time taken: 8.000000
***************************************************************
***   a:   create and fill array
***   b:   bubble sort
***   c:   insertion sort
***   d:   quick sort
***
***   h:   display this menu
***   p:   display the first ten elements of array
***
***   v:   sequence search mode is Linear 
***   w:   sequence search mode is Binear Search
***
***
***   o:   fill BST
***   x:   Search in Binary Search Tree
***
***   0:   quit the program
***
***************************************************************


 Enter choice => Enter value to find: Value 2048 found Time taken: 9.000000
***************************************************************
***   a:   create and fill array
***   b:   bubble sort
***   c:   insertion sort
***   d:   quick sort
***
***   h:   display this menu
***   p:   display the first ten elements of array
***
***   v:   sequence search mode is Linear 
***   w:   sequence search mode is Binear Search
***
***
***   o:   fill BST
***   x:   Search in Binary Search Tree
***
***   0:   quit the program
***
***************************************************************


 Enter choice => Enter value to find: Value 4096 found Time taken: 17.000000
***************************************************************
***   a:   create and fill array
***   b:   bubble sort
***   c:   insertion sort
***   d:   quick sort
***
***   h:   display this menu
***   p:   display the first ten elements of array
***
***   v:   sequence search mode is Linear 
***   w:   sequence search mode is Binear Search
***
***
***   o:   fill BST
***   x:   Search in Binary Search Tree
***
***   0:   quit the program
***
***************************************************************


 Enter choice => Enter value to find: Value 8192 found Time taken: 33.000000
***************************************************************
***   a:   create and fill array
***   b:   bubble sort
***   c:   insertion sort
***   d:   quick sort
***
***   h:   display this menu
***   p:   display the first ten elements of array
***
***   v:   sequence search mode is Linear 
***   w:   sequence search mode is Binear Search
***
***
***   o:   fill BST
***   x:   Search in Binary Search Tree
***
***   0:   quit the program
***
***************************************************************


 Enter choice => Enter value to find: Value 16382 found Time taken: 64.000000
***************************************************************
***   a:   create and fill array
***   b:   bubble sort
***   c:   insertion sort
***   d:   quick sort
***
***   h:   display this menu
***   p:   display the first ten elements of array
***
***   v:   sequence search mode is Linear 
***   w:   sequence search mode is Binear Search
***
***
***   o:   fill BST
***   x:   Search in Binary Search Tree
***
***   0:   quit the program
***
***************************************************************


 Enter choice => Set array size.
1. 1024	2. 2048.	3. 4096	4. 8192	5. 16384

 Enter choice => Array created with 1024 positions 
Fill array.
1. Random	2. Ascending.	3. Descending

 Enter choice => Random sequence generated

***************************************************************
***   a:   create and fill array
***   b:   bubble sort
***   c:   insertion sort
***   d:   quick sort
***
***   h:   display this menu
***   p:   display the first ten elements of array
***
***   v:   sequence search mode is Linear 
***   w:   sequence search mode is Binear Search
***
***
***   o:   fill BST
***   x:   Search in Binary Search Tree
***
***   0:   quit the program
***
***************************************************************


 Enter choice => Sequence is not sorted
***************************************************************
***   a:   create and fill array
***   b:   bubble sort
***   c:   insertion sort
***   d:   quick sort
***
***   h:   display this menu
***   p:   display the first ten elements of array
***
***   v:   sequence search mode is Linear 
***   w:   sequence search mode is Binear Search
***
***
***   o:   fill BST
***   x:   Search in Binary Search Tree
***
***   0:   quit the program
***
***************************************************************


 Enter choice => 
 INVALID MENU CHOICE ***

***************************************************************
***   a:   create and fill array
***   b:   bubble sort
***   c:   insertion sort
***   d:   quick sort
***
***   h:   display this menu
***   p:   display the first ten elements of array
***
***   v:   sequence search mode is Linear 
***   w:   sequence search mode is Binear Search
***
***
***   o:   fill BST
***   x:   Search in Binary Search Tree
***
***   0:   quit the program
***
***************************************************************


***************************************************************
***   a:   create and fill array
***   b:   bubble sort
***   c:   insertion sort
***   d:   quick sort
***
***   h:   display this menu
***   p:   display the first ten elements of array
***
***   v:   sequence search mode is Linear 
***   w:   sequence search mode is Binear Search
***
***
***   o:   fill BST
***   x:   Search in Binary Search Tree
***
***   0:   quit the program
***
***************************************************************


 Enter choice => Set array size.
1. 1024	2. 2048.	3. 4096	4. 8192	5. 16384

 Enter choice => Array created with 2048 positions 
Fill array.
1. Random	2. Ascending.	3. Descending

 Enter choice => Random sequence generated

***************************************************************
***   a:   create and fill array
***   b:   bubble sort
***   c:   insertion sort
***   d:   quick sort
***
***   h:   display this menu
***   p:   display the first ten elements of array
***
***   v:   sequence search mode is Linear 
***   w:   sequence search mode is Binear Search
***
***
***   o:   fill BST
***   x:   Search in Binary Search Tree
***
***   0:   quit the program
***
***************************************************************


 Enter choice => Sequence is not sorted
***************************************************************
***   a:   create and fill array
***   b:   bubble sort
***   c:   insertion sort
***   d:   quick sort
***
***   h:   display this menu
***   p:   display the first ten elements of array
***
***   v:   sequence search mode is Linear 
***   w:   sequence search mode is Binear Search
***
***
***   o:   fill BST
***   x:   Search in Binary Search Tree
***
***   0:   quit the program
***
***************************************************************


 Enter choice => 
 INVALID MENU CHOICE ***

***************************************************************
***   a:   create and fill array
***   b:   bubble sort
***   c:   insertion sort
***   d:   quick sort
***
***   h:   display this menu
***   p:   display the first ten elements of array
***
***   v:   sequence search mode is Linear 
***   w:   sequence search mode is Binear Search
***
***
***   o:   fill BST
***   x:   Search in Binary Search Tree
***
***   0:   quit the program
***
***************************************************************


***************************************************************
***   a:   create and fill array
***   b:   bubble sort
***   c:   insertion sort
***   d:   quick sort
***
***   h:   display this menu
***   p:   display the first ten elements of array
***
***   v:   sequence search mode is Linear 
***   w:   sequence search mode is Binear Search
***
***
***   o:   fill BST
***   x:   Search in Binary Search Tree
***
***   0:   quit the program
***
***************************************************************


 Enter choice => Set array size.
1. 1024	2. 2048.	3. 4096	4. 8192	5. 16384

 Enter choice => Array created with 4096 positions 
Fill array.
1. Random	2. Ascending.	3. Descending

 Enter choice => Random sequence generated

***************************************************************
***   a:   create and fill array
***   b:   bubble sort
***   c:   insertion sort
***   d:   quick sort
***
***   h:   display this menu
***   p:   display the first ten elements of array
***
***   v:   sequence search mode is Linear 
***   w:   sequence search mode is Binear Search
***
***
***   o:   fill BST
***   x:   Search in Binary Search Tree
***
***   0:   quit the program
***
***************************************************************


 Enter choice => Sequence is not sorted
***************************************************************
***   a:   create and fill array
***   b:   bubble sort
***   c:   insertion sort
***   d:   quick sort
***
***   h:   display this menu
***   p:   display the first ten elements of array
***
***   v:   sequence search mode is Linear 
***   w:   sequence search mode is Binear Search
***
***
***   o:   fill BST
***   x:   Search in Binary Search Tree
***
***   0:   quit the program
***
***************************************************************


 Enter choice => 
 INVALID MENU CHOICE ***

***************************************************************
***   a:   create and fill array
***   b:   bubble sort
***   c:   insertion sort
***   d:   quick sort
***
***   h:   display this menu
***   p:   display the first ten elements of array
***
***   v:   sequence search mode is Linear 
***   w:   sequence search mode is Binear Search
***
***
***   o:   fill BST
***   x:   Search in Binary Search Tree
***
***   0:   quit the program
***
***************************************************************


***************************************************************
***   a:   create and fill array
***   b:   bubble sort
***   c:   insertion sort
***   d:   quick sort
***
***   h:   display this menu
***   p:   display the first ten elements of array
***
***   v:   sequence search mode is Linear 
***   w:   sequence search mode is Binear Search
***
***
***   o:   fill BST
***   x:   Search in Binary Search Tree
***
***   0:   quit the program
***
***************************************************************


 Enter choice => Set array size.
1. 1024	2. 2048.	3. 4096	4. 8192	5. 16384

 Enter choice => Array created with 8192 positions 
Fill array.
1. Random	2. Ascending.	3. Descending

 Enter choice => Random sequence generated

***************************************************************
***   a:   create and fill array
***   b:   bubble sort
***   c:   insertion sort
***   d:   quick sort
***
***   h:   display this menu
***   p:   display the first ten elements of array
***
***   v:   sequence search mode is Linear 
***   w:   sequence search mode is Binear Search
***
***
***   o:   fill BST
***   x:   Search in Binary Search Tree
***
***   0:   quit the program
***
***************************************************************


 Enter choice => Sequence is not sorted
***************************************************************
***   a:   create and fill array
***   b:   bubble sort
***   c:   insertion sort
***   d:   quick sort
***
***   h:   display this menu
***   p:   display the first ten elements of array
***
***   v:   sequence search mode is Linear 
***   w:   sequence search mode is Binear Search
***
***
***   o:   fill BST
***   x:   Search in Binary Search Tree
***
***   0:   quit the program
***
***************************************************************


 Enter choice => 
 INVALID MENU CHOICE ***

***************************************************************
***   a:   create and fill array
***   b:   bubble sort
***   c:   insertion sort
***   d:   quick sort
***
***   h:   display this menu
***   p:   display the first ten elements of array
***
***   v:   sequence search mode is Linear 
***   w:   sequence search mode is Binear Search
***
***
***   o:   fill BST
***   x:   Search in Binary Search Tree
***
***   0:   quit the program
***
***************************************************************


***************************************************************
***   a:   create and fill array
***   b:   bubble sort
***   c:   insertion sort
***   d:   quick sort
***
***   h:   display this menu
***   p:   display the first ten elements of array
***
***   v:   sequence search mode is Linear 
***   w:   sequence search mode is Binear Search
***
***
***   o:   fill BST
***   x:   Search in Binary Search Tree
***
***   0:   quit the program
***
***************************************************************


 Enter choice => Set array size.
1. 1024	2. 2048.	3. 4096	4. 8192	5. 16384

 Enter choice => Array created with 16384 positions 
Fill array.
1. Random	2. Ascending.	3. Descending

 Enter choice => Random sequence generated

***************************************************************
***   a:   create and fill array
***   b:   bubble sort
***   c:   insertion sort
***   d:   quick sort
***
***   h:   display this menu
***   p:   display the first ten elements of array
***
***   v:   sequence search mode is Linear 
***   w:   sequence search mode is Binear Search
***
***
***   o:   fill BST
***   x:   Search in Binary Search Tree
***
***   0:   quit the program
***
***************************************************************


 Enter choice => Sequence is not sorted
***************************************************************
***   a:   create and fill array
***   b:   bubble sort
***   c:   insertion sort
***   d:   quick sort
***
***   h:   display this menu
***   p:   display the first ten elements of array
***
***   v:   sequence search mode is Linear 
***   w:   sequence search mode is Binear Search
***
***
***   o:   fill BST
***   x:   Search in Binary Search Tree
***
***   0:   quit the program
***
***************************************************************


 Enter choice => 
 INVALID MENU CHOICE ***

***************************************************************
***   a:   create and fill array
***   b:   bubble sort
***   c:   insertion sort
***   d:   quick sort
***
***   h:   display this menu
***   p:   display the first ten elements of array
***
***   v:   sequence search mode is Linear 
***   w:   sequence search mode is Binear Search
***
***
***   o:   fill BST
***   x:   Search in Binary Search Tree
***
***   0:   quit the program
***
***************************************************************


***************************************************************
***   a:   create and fill array
***   b:   bubble sort
***   c:   insertion sort
***   d:   quick sort
***
***   h:   display this menu
***   p:   display the first ten elements of array
***
***   v:   sequence search mode is Linear 
***   w:   sequence search mode is Binear Search
***
***
***   o:   fill BST
***   x:   Search in Binary Search Tree
***
***   0:   quit the program
***
***************************************************************


 Enter choice => Set array size.
1. 1024	2. 2048.	3. 4096	4. 8192	5. 16384

 Enter choice => Array created with 1024 positions 
Fill array.
1. Random	2. Ascending.	3. Descending

 Enter choice => sorted: 1
Ascending sequence generated

***************************************************************
***   a:   create and fill array
***   b:   bubble sort
***   c:   insertion sort
***   d:   quick sort
***
***   h:   display this menu
***   p:   display the first ten elements of array
***
***   v:   sequence search mode is Linear 
***   w:   sequence search mode is Binear Search
***
***
***   o:   fill BST
***   x:   Search in Binary Search Tree
***
***   0:   quit the program
***
***************************************************************


 Enter choice => vad söks?Value 1 found! Time taken: 0.000000
***************************************************************
***   a:   create and fill array
***   b:   bubble sort
***   c:   insertion sort
***   d:   quick sort
***
***   h:   display this menu
***   p:   display the first ten elements of array
***
***   v:   sequence search mode is Linear 
***   w:   sequence search mode is Binear Search
***
***
***   o:   fill BST
***   x:   Search in Binary Search Tree
***
***   0:   quit the program
***
***************************************************************


 Enter choice => Set array size.
1. 1024	2. 2048.	3. 4096	4. 8192	5. 16384

 Enter choice => Array created with 2048 positions 
Fill array.
1. Random	2. Ascending.	3. Descending

 Enter choice => sorted: 1
Ascending sequence generated

***************************************************************
***   a:   create and fill array
***   b:   bubble sort
***   c:   insertion sort
***   d:   quick sort
***
***   h:   display this menu
***   p:   display the first ten elements of array
***
***   v:   sequence search mode is Linear 
***   w:   sequence search mode is Binear Search
***
***
***   o:   fill BST
***   x:   Search in Binary Search Tree
***
***   0:   quit the program
***
***************************************************************


 Enter choice => vad söks?Value 1 found! Time taken: 1.000000
***************************************************************
***   a:   create and fill array
***   b:   bubble sort
***   c:   insertion sort
***   d:   quick sort
***
***   h:   display this menu
***   p:   display the first ten elements of array
***
***   v:   sequence search mode is Linear 
***   w:   sequence search mode is Binear Search
***
***
***   o:   fill BST
***   x:   Search in Binary Search Tree
***
***   0:   quit the program
***
***************************************************************


 Enter choice => Set array size.
1. 1024	2. 2048.	3. 4096	4. 8192	5. 16384

 Enter choice => Array created with 4096 positions 
Fill array.
1. Random	2. Ascending.	3. Descending

 Enter choice => sorted: 1
Ascending sequence generated

***************************************************************
***   a:   create and fill array
***   b:   bubble sort
***   c:   insertion sort
***   d:   quick sort
***
***   h:   display this menu
***   p:   display the first ten elements of array
***
***   v:   sequence search mode is Linear 
***   w:   sequence search mode is Binear Search
***
***
***   o:   fill BST
***   x:   Search in Binary Search Tree
***
***   0:   quit the program
***
***************************************************************


 Enter choice => vad söks?Value 1 found! Time taken: 1.000000
***************************************************************
***   a:   create and fill array
***   b:   bubble sort
***   c:   insertion sort
***   d:   quick sort
***
***   h:   display this menu
***   p:   display the first ten elements of array
***
***   v:   sequence search mode is Linear 
***   w:   sequence search mode is Binear Search
***
***
***   o:   fill BST
***   x:   Search in Binary Search Tree
***
***   0:   quit the program
***
***************************************************************


 Enter choice => Set array size.
1. 1024	2. 2048.	3. 4096	4. 8192	5. 16384

 Enter choice => Array created with 8192 positions 
Fill array.
1. Random	2. Ascending.	3. Descending

 Enter choice => sorted: 1
Ascending sequence generated

***************************************************************
***   a:   create and fill array
***   b:   bubble sort
***   c:   insertion sort
***   d:   quick sort
***
***   h:   display this menu
***   p:   display the first ten elements of array
***
***   v:   sequence search mode is Linear 
***   w:   sequence search mode is Binear Search
***
***
***   o:   fill BST
***   x:   Search in Binary Search Tree
***
***   0:   quit the program
***
***************************************************************


 Enter choice => vad söks?Value 1 found! Time taken: 1.000000
***************************************************************
***   a:   create and fill array
***   b:   bubble sort
***   c:   insertion sort
***   d:   quick sort
***
***   h:   display this menu
***   p:   display the first ten elements of array
***
***   v:   sequence search mode is Linear 
***   w:   sequence search mode is Binear Search
***
***
***   o:   fill BST
***   x:   Search in Binary Search Tree
***
***   0:   quit the program
***
***************************************************************


 Enter choice => Set array size.
1. 1024	2. 2048.	3. 4096	4. 8192	5. 16384

 Enter choice => Array created with 16384 positions 
Fill array.
1. Random	2. Ascending.	3. Descending

 Enter choice => sorted: 1
Ascending sequence generated

***************************************************************
***   a:   create and fill array
***   b:   bubble sort
***   c:   insertion sort
***   d:   quick sort
***
***   h:   display this menu
***   p:   display the first ten elements of array
***
***   v:   sequence search mode is Linear 
***   w:   sequence search mode is Binear Search
***
***
***   o:   fill BST
***   x:   Search in Binary Search Tree
***
***   0:   quit the program
***
***************************************************************


 Enter choice => vad söks?Value 1 found! Time taken: 2.000000
***************************************************************
***   a:   create and fill array
***   b:   bubble sort
***   c:   insertion sort
***   d:   quick sort
***
***   h:   display this menu
***   p:   display the first ten elements of array
***
***   v:   sequence search mode is Linear 
***   w:   sequence search mode is Binear Search
***
***
***   o:   fill BST
***   x:   Search in Binary Search Tree
***
***   0:   quit the program
***
***************************************************************


 Enter choice => dispmode: 1 Set array size.
1. 1024	2. 2048.	3. 4096	4. 8192	5. 16384

 Enter choice => Set BST type.
1. Random	2. add 1,2,3...n	3. add all zeroes

 Enter choice => 
***************************************************************
***   a:   create and fill array
***   b:   bubble sort
***   c:   insertion sort
***   d:   quick sort
***
***   h:   display this menu
***   p:   display the first ten elements of array
***
***   v:   sequence search mode is Linear 
***   w:   sequence search mode is Binear Search
***
***
***   o:   fill BST
***   x:   Search in Binary Search Tree
***
***   0:   quit the program
***
***************************************************************


 Enter choice => vad söks?value 1023 found Time taken: 18.000000
***************************************************************
***   a:   create and fill array
***   b:   bubble sort
***   c:   insertion sort
***   d:   quick sort
***
***   h:   display this menu
***   p:   display the first ten elements of array
***
***   v:   sequence search mode is Linear 
***   w:   sequence search mode is Binear Search
***
***
***   o:   fill BST
***   x:   Search in Binary Search Tree
***
***   0:   quit the program
***
***************************************************************


 Enter choice => dispmode: 1 Set array size.
1. 1024	2. 2048.	3. 4096	4. 8192	5. 16384

 Enter choice => Set BST type.
1. Random	2. add 1,2,3...n	3. add all zeroes

 Enter choice => 
***************************************************************
***   a:   create and fill array
***   b:   bubble sort
***   c:   insertion sort
***   d:   quick sort
***
***   h:   display this menu
***   p:   display the first ten elements of array
***
***   v:   sequence search mode is Linear 
***   w:   sequence search mode is Binear Search
***
***
***   o:   fill BST
***   x:   Search in Binary Search Tree
***
***   0:   quit the program
***
***************************************************************


 Enter choice => vad söks?value 2047 found Time taken: 35.000000
***************************************************************
***   a:   create and fill array
***   b:   bubble sort
***   c:   insertion sort
***   d:   quick sort
***
***   h:   display this menu
***   p:   display the first ten elements of array
***
***   v:   sequence search mode is Linear 
***   w:   sequence search mode is Binear Search
***
***
***   o:   fill BST
***   x:   Search in Binary Search Tree
***
***   0:   quit the program
***
***************************************************************


 Enter choice => dispmode: 1 Set array size.
1. 1024	2. 2048.	3. 4096	4. 8192	5. 16384

 Enter choice => Set BST type.
1. Random	2. add 1,2,3...n	3. add all zeroes

 Enter choice => 
***************************************************************
***   a:   create and fill array
***   b:   bubble sort
***   c:   insertion sort
***   d:   quick sort
***
***   h:   display this menu
***   p:   display the first ten elements of array
***
***   v:   sequence search mode is Linear 
***   w:   sequence search mode is Binear Search
***
***
***   o:   fill BST
***   x:   Search in Binary Search Tree
***
***   0:   quit the program
***
***************************************************************


 Enter choice => vad söks?value 4095 found Time taken: 66.000000
***************************************************************
***   a:   create and fill array
***   b:   bubble sort
***   c:   insertion sort
***   d:   quick sort
***
***   h:   display this menu
***   p:   display the first ten elements of array
***
***   v:   sequence search mode is Linear 
***   w:   sequence search mode is Binear Search
***
***
***   o:   fill BST
***   x:   Search in Binary Search Tree
***
***   0:   quit the program
***
***************************************************************


 Enter choice => dispmode: 1 Set array size.
1. 1024	2. 2048.	3. 4096	4. 8192	5. 16384

 Enter choice => Set BST type.
1. Random	2. add 1,2,3...n	3. add all zeroes

 Enter choice => 
***************************************************************
***   a:   create and fill array
***   b:   bubble sort
***   c:   insertion sort
***   d:   quick sort
***
***   h:   display this menu
***   p:   display the first ten elements of array
***
***   v:   sequence search mode is Linear 
***   w:   sequence search mode is Binear Search
***
***
***   o:   fill BST
***   x:   Search in Binary Search Tree
***
***   0:   quit the program
***
***************************************************************


 Enter choice => vad söks?value 8191 found Time taken: 127.000000
***************************************************************
***   a:   create and fill array
***   b:   bubble sort
***   c:   insertion sort
***   d:   quick sort
***
***   h:   display this menu
***   p:   display the first ten elements of array
***
***   v:   sequence search mode is Linear 
***   w:   sequence search mode is Binear Search
***
***
***   o:   fill BST
***   x:   Search in Binary Search Tree
***
***   0:   quit the program
***
***************************************************************


 Enter choice => dispmode: 1 Set array size.
1. 1024	2. 2048.	3. 4096	4. 8192	5. 16384

 Enter choice => Set BST type.
1. Random	2. add 1,2,3...n	3. add all zeroes

 Enter choice => 
***************************************************************
***   a:   create and fill array
***   b:   bubble sort
***   c:   insertion sort
***   d:   quick sort
***
***   h:   display this menu
***   p:   display the first ten elements of array
***
***   v:   sequence search mode is Linear 
***   w:   sequence search mode is Binear Search
***
***
***   o:   fill BST
***   x:   Search in Binary Search Tree
***
***   0:   quit the program
***
***************************************************************


 Enter choice => vad söks?value 16381 found Time taken: 243.000000
***************************************************************
***   a:   create and fill array
***   b:   bubble sort
***   c:   insertion sort
***   d:   quick sort
***
***   h:   display this menu
***   p:   display the first ten elements of array
***
***   v:   sequence search mode is Linear 
***   w:   sequence search mode is Binear Search
***
***
***   o:   fill BST
***   x:   Search in Binary Search Tree
***
***   0:   quit the program
***
***************************************************************


 Enter choice => dispmode: 1 Set array size.
1. 1024	2. 2048.	3. 4096	4. 8192	5. 16384

 Enter choice => Set BST type.
1. Random	2. add 1,2,3...n	3. add all zeroes

 Enter choice => 
***************************************************************
***   a:   create and fill array
***   b:   bubble sort
***   c:   insertion sort
***   d:   quick sort
***
***   h:   display this menu
***   p:   display the first ten elements of array
***
***   v:   sequence search mode is Linear 
***   w:   sequence search mode is Binear Search
***
***
***   o:   fill BST
***   x:   Search in Binary Search Tree
***
***   0:   quit the program
***
***************************************************************


 Enter choice => vad söks?value 40 found Time taken: 2.000000
***************************************************************
***   a:   create and fill array
***   b:   bubble sort
***   c:   insertion sort
***   d:   quick sort
***
***   h:   display this menu
***   p:   display the first ten elements of array
***
***   v:   sequence search mode is Linear 
***   w:   sequence search mode is Binear Search
***
***
***   o:   fill BST
***   x:   Search in Binary Search Tree
***
***   0:   quit the program
***
***************************************************************


 Enter choice => dispmode: 1 Set array size.
1. 1024	2. 2048.	3. 4096	4. 8192	5. 16384

 Enter choice => Set BST type.
1. Random	2. add 1,2,3...n	3. add all zeroes

 Enter choice => 
***************************************************************
***   a:   create and fill array
***   b:   bubble sort
***   c:   insertion sort
***   d:   quick sort
***
***   h:   display this menu
***   p:   display the first ten elements of array
***
***   v:   sequence search mode is Linear 
***   w:   sequence search mode is Binear Search
***
***
***   o:   fill BST
***   x:   Search in Binary Search Tree
***
***   0:   quit the program
***
***************************************************************


 Enter choice => vad söks?value 392 not found Time taken: 2.000000
***************************************************************
***   a:   create and fill array
***   b:   bubble sort
***   c:   insertion sort
***   d:   quick sort
***
***   h:   display this menu
***   p:   display the first ten elements of array
***
***   v:   sequence search mode is Linear 
***   w:   sequence search mode is Binear Search
***
***
***   o:   fill BST
***   x:   Search in Binary Search Tree
***
***   0:   quit the program
***
***************************************************************


 Enter choice => dispmode: 1 Set array size.
1. 1024	2. 2048.	3. 4096	4. 8192	5. 16384

 Enter choice => Set BST type.
1. Random	2. add 1,2,3...n	3. add all zeroes

 Enter choice => 
***************************************************************
***   a:   create and fill array
***   b:   bubble sort
***   c:   insertion sort
***   d:   quick sort
***
***   h:   display this menu
***   p:   display the first ten elements of array
***
***   v:   sequence search mode is Linear 
***   w:   sequence search mode is Binear Search
***
***
***   o:   fill BST
***   x:   Search in Binary Search Tree
***
***   0:   quit the program
***
***************************************************************


 Enter choice => vad söks?value 175 found Time taken: 2.000000
***************************************************************
***   a:   create and fill array
***   b:   bubble sort
***   c:   insertion sort
***   d:   quick sort
***
***   h:   display this menu
***   p:   display the first ten elements of array
***
***   v:   sequence search mode is Linear 
***   w:   sequence search mode is Binear Search
***
***
***   o:   fill BST
***   x:   Search in Binary Search Tree
***
***   0:   quit the program
***
***************************************************************


 Enter choice => dispmode: 1 Set array size.
1. 1024	2. 2048.	3. 4096	4. 8192	5. 16384

 Enter choice => Set BST type.
1. Random	2. add 1,2,3...n	3. add all zeroes

 Enter choice => 
***************************************************************
***   a:   create and fill array
***   b:   bubble sort
***   c:   insertion sort
***   d:   quick sort
***
***   h:   display this menu
***   p:   display the first ten elements of array
***
***   v:   sequence search mode is Linear 
***   w:   sequence search mode is Binear Search
***
***
***   o:   fill BST
***   x:   Search in Binary Search Tree
***
***   0:   quit the program
***
***************************************************************


 Enter choice => vad söks?value 3400 not found Time taken: 3.000000
***************************************************************
***   a:   create and fill array
***   b:   bubble sort
***   c:   insertion sort
***   d:   quick sort
***
***   h:   display this menu
***   p:   display the first ten elements of array
***
***   v:   sequence search mode is Linear 
***   w:   sequence search mode is Binear Search
***
***
***   o:   fill BST
***   x:   Search in Binary Search Tree
***
***   0:   quit the program
***
***************************************************************


 Enter choice => dispmode: 1 Set array size.
1. 1024	2. 2048.	3. 4096	4. 8192	5. 16384

 Enter choice => Set BST type.
1. Random	2. add 1,2,3...n	3. add all zeroes

 Enter choice => 
***************************************************************
***   a:   create and fill array
***   b:   bubble sort
***   c:   insertion sort
***   d:   quick sort
***
***   h:   display this menu
***   p:   display the first ten elements of array
***
***   v:   sequence search mode is Linear 
***   w:   sequence search mode is Binear Search
***
***
***   o:   fill BST
***   x:   Search in Binary Search Tree
***
***   0:   quit the program
***
***************************************************************


 Enter choice => vad söks?value 5500 not found Time taken: 4.000000
***************************************************************
***   a:   create and fill array
***   b:   bubble sort
***   c:   insertion sort
***   d:   quick sort
***
***   h:   display this menu
***   p:   display the first ten elements of array
***
***   v:   sequence search mode is Linear 
***   w:   sequence search mode is Binear Search
***
***
***   o:   fill BST
***   x:   Search in Binary Search Tree
***
***   0:   quit the program
***
***************************************************************


 Enter choice =>  *** BYE BYE! ***
 *** End of Performance program 
